<?xml version="1.0" encoding="UTF-8"?>
<!-- Generated by org.testng.reporters.JUnitReportReporter -->
<testsuite hostname="DESKTOP-HSR2UCL" failures="0" tests="3" name="com.automation.PlaySongWithAutomation" time="30.379" errors="0" timestamp="2025-09-14T18:03:17 IST" skipped="0">
  <testcase classname="com.automation.PlaySongWithAutomation" name="testCase1_OpenWindowsStartMenu" time="11.227"/>
  <testcase classname="com.automation.PlaySongWithAutomation" name="testCase3_SelectSongFile" time="18.949"/>
  <testcase classname="com.automation.PlaySongWithAutomation" name="testCase2_OpenFolderExplorer" time="0.203"/>
</testsuite> <!-- com.automation.PlaySongWithAutomation -->
